0 info it worked if it ends with ok
1 verbose cli [ 'D:\\nodejs\\node.exe',
1 verbose cli   'D:\\nodejs\\node_modules\\npm\\bin\\npm-cli.js',
1 verbose cli   'run',
1 verbose cli   'server' ]
2 info using npm@3.10.10
3 info using node@v6.11.3
4 verbose run-script [ 'preserver', 'server', 'postserver' ]
5 info lifecycle webpack-test@1.0.0~preserver: webpack-test@1.0.0
6 silly lifecycle webpack-test@1.0.0~preserver: no script for preserver, continuing
7 info lifecycle webpack-test@1.0.0~server: webpack-test@1.0.0
8 verbose lifecycle webpack-test@1.0.0~server: unsafe-perm in lifecycle true
9 verbose lifecycle webpack-test@1.0.0~server: PATH: D:\nodejs\node_modules\npm\bin\node-gyp-bin;D:\webpack-test\node_modules\.bin;C:\Windows\system32;C:\Windows;C:\Windows\System32\Wbem;C:\Windows\System32\WindowsPowerShell\v1.0\;D:\nodejs\;d:\Program Files\Git\cmd;C:\Users\Administrator\AppData\Roaming\npm;C:\Program Files\MongoDB\Server\3.2\bin
10 verbose lifecycle webpack-test@1.0.0~server: CWD: D:\webpack-test
11 silly lifecycle webpack-test@1.0.0~server: Args: [ '/d /s /c', 'webpack-dev-server --open' ]
12 silly lifecycle webpack-test@1.0.0~server: Returned: code: 3221225786  signal: null
13 info lifecycle webpack-test@1.0.0~server: Failed to exec server script
14 verbose stack Error: webpack-test@1.0.0 server: `webpack-dev-server --open`
14 verbose stack Exit status 3221225786
14 verbose stack     at EventEmitter.<anonymous> (D:\nodejs\node_modules\npm\lib\utils\lifecycle.js:255:16)
14 verbose stack     at emitTwo (events.js:106:13)
14 verbose stack     at EventEmitter.emit (events.js:191:7)
14 verbose stack     at ChildProcess.<anonymous> (D:\nodejs\node_modules\npm\lib\utils\spawn.js:40:14)
14 verbose stack     at emitTwo (events.js:106:13)
14 verbose stack     at ChildProcess.emit (events.js:191:7)
14 verbose stack     at maybeClose (internal/child_process.js:920:16)
14 verbose stack     at Process.ChildProcess._handle.onexit (internal/child_process.js:230:5)
15 verbose pkgid webpack-test@1.0.0
16 verbose cwd D:\webpack-test
17 error Windows_NT 6.1.7601
18 error argv "D:\\nodejs\\node.exe" "D:\\nodejs\\node_modules\\npm\\bin\\npm-cli.js" "run" "server"
19 error node v6.11.3
20 error npm  v3.10.10
21 error code ELIFECYCLE
22 error webpack-test@1.0.0 server: `webpack-dev-server --open`
22 error Exit status 3221225786
23 error Failed at the webpack-test@1.0.0 server script 'webpack-dev-server --open'.
23 error Make sure you have the latest version of node.js and npm installed.
23 error If you do, this is most likely a problem with the webpack-test package,
23 error not with npm itself.
23 error Tell the author that this fails on your system:
23 error     webpack-dev-server --open
23 error You can get information on how to open an issue for this project with:
23 error     npm bugs webpack-test
23 error Or if that isn't available, you can get their info via:
23 error     npm owner ls webpack-test
23 error There is likely additional logging output above.
24 verbose exit [ 1, true ]
